19:49:50  INFO  manager.ApplicationManager - All tests starts in 'Chrom' browser
19:49:51  INFO  tests.TestBase - Name of test ---> loginSuccessTestDataProvider
19:49:51  INFO  manager.MyListener - Start find element --->By.xpath: //button[text()='Sign Out']
19:49:56  INFO  manager.MyListener - The element with locator --->By.xpath: //button[text()='Sign Out']--->was found
19:49:56  INFO  tests.TestBase - Test starts with email Tomy123456@mail.com  && password Qq123666$45
19:49:56  INFO  manager.MyListener - Start find element --->By.xpath: //a[@href='/login']
19:49:56  INFO  manager.MyListener - The element with locator --->By.xpath: //a[@href='/login']--->was found
19:49:59  INFO  manager.MyListener - Start find element --->By.xpath: //input[1]
19:49:59  INFO  manager.MyListener - The element with locator --->By.xpath: //input[1]--->was found
19:50:00  INFO  manager.MyListener - Start find element --->By.xpath: //input[2]
19:50:00  INFO  manager.MyListener - The element with locator --->By.xpath: //input[2]--->was found
19:50:00  INFO  manager.MyListener - Start find element --->By.xpath: //button[text()=' Login']
19:50:00  INFO  manager.MyListener - The element with locator --->By.xpath: //button[text()=' Login']--->was found
19:50:00  INFO  manager.MyListener - Start find element --->By.xpath: //a[@href='/contacts']
19:50:01  INFO  manager.MyListener - The element with locator --->By.xpath: //a[@href='/contacts']--->was found
19:50:01  INFO  tests.TestBase - Name of test ---> loginSuccessTestDataProvider
19:50:01  INFO  manager.MyListener - Start find element --->By.xpath: //button[text()='Sign Out']
19:50:01  INFO  manager.MyListener - The element with locator --->By.xpath: //button[text()='Sign Out']--->was found
19:50:01  INFO  manager.MyListener - Start find element --->By.xpath: //button[text()='Sign Out']
19:50:01  INFO  manager.MyListener - The element with locator --->By.xpath: //button[text()='Sign Out']--->was found
19:50:01  INFO  tests.TestBase - Test starts with email Lizy123456@mail.com  && password Qq123666$45
19:50:01  INFO  manager.MyListener - Start find element --->By.xpath: //a[@href='/login']
19:50:01  INFO  manager.MyListener - The element with locator --->By.xpath: //a[@href='/login']--->was found
19:50:04  INFO  manager.MyListener - Start find element --->By.xpath: //input[1]
19:50:04  INFO  manager.MyListener - The element with locator --->By.xpath: //input[1]--->was found
19:50:04  INFO  manager.MyListener - Start find element --->By.xpath: //input[2]
19:50:04  INFO  manager.MyListener - The element with locator --->By.xpath: //input[2]--->was found
19:50:04  INFO  manager.MyListener - Start find element --->By.xpath: //button[text()=' Login']
19:50:04  INFO  manager.MyListener - The element with locator --->By.xpath: //button[text()=' Login']--->was found
19:50:05  INFO  manager.MyListener - Start find element --->By.xpath: //a[@href='/contacts']
19:50:05  INFO  manager.MyListener - We have a throwable ---> Cannot locate an element using xpath=//a[@href='/contacts']
For documentation on this error, please visit: https://www.seleniumhq.org/exceptions/no_such_element.html
Build info: version: '3.141.59', revision: 'e82be7d358', time: '2018-11-14T08:17:03'
System info: host: 'DESKTOP-O62I6CB', ip: '10.100.102.5', os.name: 'Windows 10', os.arch: 'amd64', os.version: '10.0', java.version: '11.0.13'
Driver info: driver.version: EventFiringWebDriver
19:50:05  INFO  manager.MyListener - org.openqa.selenium.NoSuchElementException: Cannot locate an element using xpath=//a[@href='/contacts']
For documentation on this error, please visit: https://www.seleniumhq.org/exceptions/no_such_element.html
Build info: version: '3.141.59', revision: 'e82be7d358', time: '2018-11-14T08:17:03'
System info: host: 'DESKTOP-O62I6CB', ip: '10.100.102.5', os.name: 'Windows 10', os.arch: 'amd64', os.version: '10.0', java.version: '11.0.13'
Driver info: driver.version: EventFiringWebDriver
19:50:05  INFO  manager.MyListener - This is your screen with error -->src/test/screenshorts/screen3005.png
19:50:05  INFO  tests.TestBase - Name of test ---> loginSuccessTestDataProvider
19:50:05  INFO  manager.MyListener - Start find element --->By.xpath: //button[text()='Sign Out']
19:50:10  INFO  manager.MyListener - The element with locator --->By.xpath: //button[text()='Sign Out']--->was found
19:50:10  INFO  tests.TestBase - Test starts with email elizabet123456@mail.com  && password El098765$
19:50:10  INFO  manager.MyListener - Start find element --->By.xpath: //a[@href='/login']
19:50:10  INFO  manager.MyListener - We have a throwable ---> no such window: target window already closed
from unknown error: web view not found
  (Session info: chrome=98.0.4758.82)
Build info: version: '3.141.59', revision: 'e82be7d358', time: '2018-11-14T08:17:03'
System info: host: 'DESKTOP-O62I6CB', ip: '10.100.102.5', os.name: 'Windows 10', os.arch: 'amd64', os.version: '10.0', java.version: '11.0.13'
Driver info: org.openqa.selenium.chrome.ChromeDriver
Capabilities {acceptInsecureCerts: false, browserName: chrome, browserVersion: 98.0.4758.82, chrome: {chromedriverVersion: 98.0.4758.80 (7f0488e8ba0d8..., userDataDir: C:\Users\Natali\AppData\Loc...}, goog:chromeOptions: {debuggerAddress: localhost:61873}, javascriptEnabled: true, networkConnectionEnabled: false, pageLoadStrategy: normal, platform: WINDOWS, platformName: WINDOWS, proxy: Proxy(), setWindowRect: true, strictFileInteractability: false, timeouts: {implicit: 0, pageLoad: 300000, script: 30000}, unhandledPromptBehavior: dismiss and notify, webauthn:extension:credBlob: true, webauthn:extension:largeBlob: true, webauthn:virtualAuthenticators: true}
Session ID: b889c6436870c7fd7f72059e16a5c56d
*** Element info: {Using=xpath, value=//a[@href='/login']}
19:50:10  INFO  manager.MyListener - org.openqa.selenium.NoSuchWindowException: no such window: target window already closed
from unknown error: web view not found
  (Session info: chrome=98.0.4758.82)
Build info: version: '3.141.59', revision: 'e82be7d358', time: '2018-11-14T08:17:03'
System info: host: 'DESKTOP-O62I6CB', ip: '10.100.102.5', os.name: 'Windows 10', os.arch: 'amd64', os.version: '10.0', java.version: '11.0.13'
Driver info: org.openqa.selenium.chrome.ChromeDriver
Capabilities {acceptInsecureCerts: false, browserName: chrome, browserVersion: 98.0.4758.82, chrome: {chromedriverVersion: 98.0.4758.80 (7f0488e8ba0d8..., userDataDir: C:\Users\Natali\AppData\Loc...}, goog:chromeOptions: {debuggerAddress: localhost:61873}, javascriptEnabled: true, networkConnectionEnabled: false, pageLoadStrategy: normal, platform: WINDOWS, platformName: WINDOWS, proxy: Proxy(), setWindowRect: true, strictFileInteractability: false, timeouts: {implicit: 0, pageLoad: 300000, script: 30000}, unhandledPromptBehavior: dismiss and notify, webauthn:extension:credBlob: true, webauthn:extension:largeBlob: true, webauthn:virtualAuthenticators: true}
Session ID: b889c6436870c7fd7f72059e16a5c56d
*** Element info: {Using=xpath, value=//a[@href='/login']}
19:50:10  INFO  manager.MyListener - This is your screen with error -->src/test/screenshorts/screen3010.png
